<?xml version="1.0" encoding="utf-8"?><testsuites name="pytest tests"><testsuite name="pytest" errors="0" failures="0" skipped="0" tests="11" time="1.113" timestamp="2026-04-27T10:23:45.071658+00:00" hostname="agent-env-647ecc6c-308e-4dc3-9cde-6c5ca09595b4"><testcase classname="backend.tests.test_ppc_api.TestMeta" name="test_meta_ok" time="0.292" /><testcase classname="backend.tests.test_ppc_api.TestAnalyticsUnfiltered" name="test_count" time="0.130" /><testcase classname="backend.tests.test_ppc_api.TestAnalyticsUnfiltered" name="test_required_keys" time="0.000" /><testcase classname="backend.tests.test_ppc_api.TestAnalyticsUnfiltered" name="test_kpis_numeric" time="0.000" /><testcase classname="backend.tests.test_ppc_api.TestAnalyticsUnfiltered" name="test_top_bottom_10" time="0.000" /><testcase classname="backend.tests.test_ppc_api.TestAnalyticsUnfiltered" name="test_correlation_12x12" time="0.000" /><testcase classname="backend.tests.test_ppc_api.TestAnalyticsUnfiltered" name="test_insights_present" time="0.000" /><testcase classname="backend.tests.test_ppc_api.TestAnalyticsFilters" name="test_platform_filter" time="0.101" /><testcase classname="backend.tests.test_ppc_api.TestAnalyticsFilters" name="test_date_filter_narrows" time="0.087" /><testcase classname="backend.tests.test_ppc_api.TestAnalyticsFilters" name="test_nonmatching_filter_empty" time="0.047" /><testcase classname="backend.tests.test_ppc_api.TestAnalyticsFilters" name="test_multi_filter" time="0.078" /></testsuite></testsuites>